<?xml version="1.0" encoding="UTF-8"?>
<testng-results ignored="0" total="1" passed="1" failed="0" skipped="0">
  <reporter-output>
  </reporter-output>
  <suite started-at="2025-05-02T13:27:49 IST" name="Default suite" finished-at="2025-05-02T13:27:56 IST" duration-ms="7420">
    <groups>
    </groups>
    <test started-at="2025-05-02T13:27:49 IST" name="Default test" finished-at="2025-05-02T13:27:56 IST" duration-ms="7420">
      <class name="tests.SchemaTest">
        <test-method signature="verityAllUsersSchema()[pri:0, instance:tests.SchemaTest@179ece50]" started-at="2025-05-02T13:27:49 IST" name="verityAllUsersSchema" finished-at="2025-05-02T13:27:56 IST" duration-ms="7292" status="PASS">
          <reporter-output>
          </reporter-output>
        </test-method> <!-- verityAllUsersSchema -->
      </class> <!-- tests.SchemaTest -->
    </test> <!-- Default test -->
  </suite> <!-- Default suite -->
</testng-results>
